<?xml version="1.0" encoding="UTF-8"?>
<testng-results ignored="0" total="1" passed="1" failed="0" skipped="0">
  <reporter-output>
    <line>
      <![CDATA[running verifytext]]>
    </line>
    <line>
      <![CDATA[close browser]]>
    </line>
    <line>
      <![CDATA[close application]]>
    </line>
  </reporter-output>
  <suite started-at="2023-01-23T23:27:29 IST" name="Default suite" finished-at="2023-01-23T23:27:41 IST" duration-ms="11507">
    <groups>
    </groups>
    <test started-at="2023-01-23T23:27:29 IST" name="Default test" finished-at="2023-01-23T23:27:41 IST" duration-ms="11507">
      <class name="FBtest.FBtest1">
        <test-method is-config="true" signature="openbrowser()[pri:0, instance:FBtest.FBtest1@4b45a2f5]" started-at="2023-01-23T23:27:29 IST" name="openbrowser" finished-at="2023-01-23T23:27:33 IST" duration-ms="3197" status="PASS">
          <reporter-output>
          </reporter-output>
        </test-method> <!-- openbrowser -->
        <test-method is-config="true" signature="openapplication()[pri:0, instance:FBtest.FBtest1@4b45a2f5]" started-at="2023-01-23T23:27:33 IST" name="openapplication" finished-at="2023-01-23T23:27:33 IST" duration-ms="934" status="PASS">
          <reporter-output>
          </reporter-output>
        </test-method> <!-- openapplication -->
        <test-method signature="verifytext()[pri:0, instance:FBtest.FBtest1@4b45a2f5]" started-at="2023-01-23T23:27:33 IST" name="verifytext" finished-at="2023-01-23T23:27:41 IST" duration-ms="7321" status="PASS">
          <reporter-output>
            <line>
              <![CDATA[running verifytext]]>
            </line>
          </reporter-output>
        </test-method> <!-- verifytext -->
        <test-method is-config="true" signature="closebrowser()[pri:0, instance:FBtest.FBtest1@4b45a2f5]" started-at="2023-01-23T23:27:41 IST" name="closebrowser" finished-at="2023-01-23T23:27:41 IST" duration-ms="1" status="PASS">
          <reporter-output>
            <line>
              <![CDATA[close browser]]>
            </line>
          </reporter-output>
        </test-method> <!-- closebrowser -->
        <test-method is-config="true" signature="closeapplication()[pri:0, instance:FBtest.FBtest1@4b45a2f5]" started-at="2023-01-23T23:27:41 IST" name="closeapplication" finished-at="2023-01-23T23:27:41 IST" duration-ms="1" status="PASS">
          <reporter-output>
            <line>
              <![CDATA[close application]]>
            </line>
          </reporter-output>
        </test-method> <!-- closeapplication -->
      </class> <!-- FBtest.FBtest1 -->
    </test> <!-- Default test -->
  </suite> <!-- Default suite -->
</testng-results>
